<?xml version="1.0" encoding="utf-8"?><testsuites name="pytest tests"><testsuite name="pytest" errors="8" failures="0" skipped="0" tests="8" time="2103.524" timestamp="2026-06-01T05:37:08.223790-07:00" hostname="DESKTOP-IAUJA5C"><testcase classname="" name="tests.stress_test" time="0.000"><error message="collection failure">ImportError while importing test module 'C:\AsimNexus\tests\stress_test.py'.
Hint: make sure your test modules/packages have valid Python names.
Traceback:
C:\Users\AsiM-Nexus\AppData\Local\Programs\Python\Python311\Lib\importlib\__init__.py:126: in import_module
    return _bootstrap._gcd_import(name[level:], package, level)
           ^^^^^^^^^^^^^^^^^^^^^^^^^^^^^^^^^^^^^^^^^^^^^^^^^^^^
tests\stress_test.py:25: in &lt;module&gt;
    from kill_switch import get_kill_switch, TriggerReason, ShutdownMode
E   ModuleNotFoundError: No module named 'kill_switch'</error></testcase><testcase classname="" name="tests.test_conftest" time="0.000"><error message="collection failure">tests\test_conftest.py:21: in &lt;module&gt;
    from conftest import *
E   ModuleNotFoundError: No module named 'conftest'

During handling of the above exception, another exception occurred:
C:\Users\AsiM-Nexus\AppData\Local\Programs\Python\Python311\Lib\importlib\__init__.py:126: in import_module
    return _bootstrap._gcd_import(name[level:], package, level)
           ^^^^^^^^^^^^^^^^^^^^^^^^^^^^^^^^^^^^^^^^^^^^^^^^^^^^
&lt;frozen importlib._bootstrap&gt;:1204: in _gcd_import
    ???
&lt;frozen importlib._bootstrap&gt;:1176: in _find_and_load
    ???
&lt;frozen importlib._bootstrap&gt;:1147: in _find_and_load_unlocked
    ???
&lt;frozen importlib._bootstrap&gt;:690: in _load_unlocked
    ???
C:\Users\AsiM-Nexus\AppData\Local\Programs\Python\Python311\Lib\site-packages\_pytest\assertion\rewrite.py:197: in exec_module
    exec(co, module.__dict__)
tests\test_conftest.py:23: in &lt;module&gt;
    print(f"Warning: Could not import {module_name}: {e}")
                                       ^^^^^^^^^^^
E   NameError: name 'module_name' is not defined</error></testcase><testcase classname="" name="tests.test_hybrid_router" time="0.000"><error message="collection failure">ImportError while importing test module 'C:\AsimNexus\tests\test_hybrid_router.py'.
Hint: make sure your test modules/packages have valid Python names.
Traceback:
C:\Users\AsiM-Nexus\AppData\Local\Programs\Python\Python311\Lib\importlib\__init__.py:126: in import_module
    return _bootstrap._gcd_import(name[level:], package, level)
           ^^^^^^^^^^^^^^^^^^^^^^^^^^^^^^^^^^^^^^^^^^^^^^^^^^^^
tests\test_hybrid_router.py:9: in &lt;module&gt;
    from core.routing.hybrid_router import (
E   ImportError: cannot import name 'KeywordClassifier' from 'core.routing.hybrid_router' (C:\AsimNexus\core\routing\hybrid_router.py)</error></testcase><testcase classname="" name="tests.test_integration_stress_test" time="0.000"><error message="collection failure">tests\test_integration_stress_test.py:21: in &lt;module&gt;
    from integration_stress_test import *
E   ModuleNotFoundError: No module named 'integration_stress_test'

During handling of the above exception, another exception occurred:
C:\Users\AsiM-Nexus\AppData\Local\Programs\Python\Python311\Lib\importlib\__init__.py:126: in import_module
    return _bootstrap._gcd_import(name[level:], package, level)
           ^^^^^^^^^^^^^^^^^^^^^^^^^^^^^^^^^^^^^^^^^^^^^^^^^^^^
&lt;frozen importlib._bootstrap&gt;:1204: in _gcd_import
    ???
&lt;frozen importlib._bootstrap&gt;:1176: in _find_and_load
    ???
&lt;frozen importlib._bootstrap&gt;:1147: in _find_and_load_unlocked
    ???
&lt;frozen importlib._bootstrap&gt;:690: in _load_unlocked
    ???
C:\Users\AsiM-Nexus\AppData\Local\Programs\Python\Python311\Lib\site-packages\_pytest\assertion\rewrite.py:197: in exec_module
    exec(co, module.__dict__)
tests\test_integration_stress_test.py:23: in &lt;module&gt;
    print(f"Warning: Could not import {module_name}: {e}")
                                       ^^^^^^^^^^^
E   NameError: name 'module_name' is not defined</error></testcase><testcase classname="" name="tests.test_integration_test_suite" time="0.000"><error message="collection failure">tests\test_integration_test_suite.py:21: in &lt;module&gt;
    from integration_test_suite import *
E   ModuleNotFoundError: No module named 'integration_test_suite'

During handling of the above exception, another exception occurred:
C:\Users\AsiM-Nexus\AppData\Local\Programs\Python\Python311\Lib\importlib\__init__.py:126: in import_module
    return _bootstrap._gcd_import(name[level:], package, level)
           ^^^^^^^^^^^^^^^^^^^^^^^^^^^^^^^^^^^^^^^^^^^^^^^^^^^^
&lt;frozen importlib._bootstrap&gt;:1204: in _gcd_import
    ???
&lt;frozen importlib._bootstrap&gt;:1176: in _find_and_load
    ???
&lt;frozen importlib._bootstrap&gt;:1147: in _find_and_load_unlocked
    ???
&lt;frozen importlib._bootstrap&gt;:690: in _load_unlocked
    ???
C:\Users\AsiM-Nexus\AppData\Local\Programs\Python\Python311\Lib\site-packages\_pytest\assertion\rewrite.py:197: in exec_module
    exec(co, module.__dict__)
tests\test_integration_test_suite.py:23: in &lt;module&gt;
    print(f"Warning: Could not import {module_name}: {e}")
                                       ^^^^^^^^^^^
E   NameError: name 'module_name' is not defined</error></testcase><testcase classname="" name="tests.test_load_test" time="0.000"><error message="collection failure">tests\test_load_test.py:21: in &lt;module&gt;
    from load_test import *
E   ModuleNotFoundError: No module named 'load_test'

During handling of the above exception, another exception occurred:
C:\Users\AsiM-Nexus\AppData\Local\Programs\Python\Python311\Lib\importlib\__init__.py:126: in import_module
    return _bootstrap._gcd_import(name[level:], package, level)
           ^^^^^^^^^^^^^^^^^^^^^^^^^^^^^^^^^^^^^^^^^^^^^^^^^^^^
&lt;frozen importlib._bootstrap&gt;:1204: in _gcd_import
    ???
&lt;frozen importlib._bootstrap&gt;:1176: in _find_and_load
    ???
&lt;frozen importlib._bootstrap&gt;:1147: in _find_and_load_unlocked
    ???
&lt;frozen importlib._bootstrap&gt;:690: in _load_unlocked
    ???
C:\Users\AsiM-Nexus\AppData\Local\Programs\Python\Python311\Lib\site-packages\_pytest\assertion\rewrite.py:197: in exec_module
    exec(co, module.__dict__)
tests\test_load_test.py:23: in &lt;module&gt;
    print(f"Warning: Could not import {module_name}: {e}")
                                       ^^^^^^^^^^^
E   NameError: name 'module_name' is not defined</error></testcase><testcase classname="" name="tests.test_mock_modules" time="0.000"><error message="collection failure">tests\test_mock_modules.py:21: in &lt;module&gt;
    from mock_modules import *
E   ModuleNotFoundError: No module named 'mock_modules'

During handling of the above exception, another exception occurred:
C:\Users\AsiM-Nexus\AppData\Local\Programs\Python\Python311\Lib\importlib\__init__.py:126: in import_module
    return _bootstrap._gcd_import(name[level:], package, level)
           ^^^^^^^^^^^^^^^^^^^^^^^^^^^^^^^^^^^^^^^^^^^^^^^^^^^^
&lt;frozen importlib._bootstrap&gt;:1204: in _gcd_import
    ???
&lt;frozen importlib._bootstrap&gt;:1176: in _find_and_load
    ???
&lt;frozen importlib._bootstrap&gt;:1147: in _find_and_load_unlocked
    ???
&lt;frozen importlib._bootstrap&gt;:690: in _load_unlocked
    ???
C:\Users\AsiM-Nexus\AppData\Local\Programs\Python\Python311\Lib\site-packages\_pytest\assertion\rewrite.py:197: in exec_module
    exec(co, module.__dict__)
tests\test_mock_modules.py:23: in &lt;module&gt;
    print(f"Warning: Could not import {module_name}: {e}")
                                       ^^^^^^^^^^^
E   NameError: name 'module_name' is not defined</error></testcase><testcase classname="" name="tests.test_multi_agent" time="0.000"><error message="collection failure">C:\Users\AsiM-Nexus\AppData\Local\Programs\Python\Python311\Lib\importlib\__init__.py:126: in import_module
    return _bootstrap._gcd_import(name[level:], package, level)
           ^^^^^^^^^^^^^^^^^^^^^^^^^^^^^^^^^^^^^^^^^^^^^^^^^^^^
&lt;frozen importlib._bootstrap&gt;:1204: in _gcd_import
    ???
&lt;frozen importlib._bootstrap&gt;:1176: in _find_and_load
    ???
&lt;frozen importlib._bootstrap&gt;:1147: in _find_and_load_unlocked
    ???
&lt;frozen importlib._bootstrap&gt;:690: in _load_unlocked
    ???
C:\Users\AsiM-Nexus\AppData\Local\Programs\Python\Python311\Lib\site-packages\_pytest\assertion\rewrite.py:197: in exec_module
    exec(co, module.__dict__)
tests\test_multi_agent.py:19: in &lt;module&gt;
    logger = logging.getLogger(__name__)
             ^^^^^^^
E   NameError: name 'logging' is not defined</error></testcase></testsuite></testsuites>